Unity Editor version:    2021.3.15f1 (e8e88683f834)
Branch:                  2021.3/staging
Build type:              Release
Batch mode:              YES
macOS version:           Version 12.6 (Build 21G115)
Darwin version:          21.6.0
Architecture:            x86_64
Running under Rosetta:   NO
Available memory:        16384 MB
Using pre-set license
Pro License: YES

COMMAND LINE ARGUMENTS:
/Applications/Unity/Hub/Editor/2021.3.15f1/Unity.app/Contents/MacOS/Unity
-adb2
-batchMode
-noUpm
-name
AssetImportWorker1
-projectPath
/Users/kaylynne/Time's Up
-logFile
Logs/AssetImportWorker1.log
-srvPort
53992
Successfully changed project path to: /Users/kaylynne/Time's Up
/Users/kaylynne/Time's Up
[UnityMemory] Configuration Parameters - Can be set up in boot.config
    "memorysetup-bucket-allocator-granularity=16"
    "memorysetup-bucket-allocator-bucket-count=8"
    "memorysetup-bucket-allocator-block-size=33554432"
    "memorysetup-bucket-allocator-block-count=8"
    "memorysetup-main-allocator-block-size=16777216"
    "memorysetup-thread-allocator-block-size=16777216"
    "memorysetup-gfx-main-allocator-block-size=16777216"
    "memorysetup-gfx-thread-allocator-block-size=16777216"
    "memorysetup-cache-allocator-block-size=4194304"
    "memorysetup-typetree-allocator-block-size=2097152"
    "memorysetup-profiler-bucket-allocator-granularity=16"
    "memorysetup-profiler-bucket-allocator-bucket-count=8"
    "memorysetup-profiler-bucket-allocator-block-size=33554432"
    "memorysetup-profiler-bucket-allocator-block-count=8"
    "memorysetup-profiler-allocator-block-size=16777216"
    "memorysetup-profiler-editor-allocator-block-size=1048576"
    "memorysetup-temp-allocator-size-main=16777216"
    "memorysetup-job-temp-allocator-block-size=2097152"
    "memorysetup-job-temp-allocator-block-size-background=1048576"
    "memorysetup-job-temp-allocator-reduction-small-platforms=262144"
    "memorysetup-temp-allocator-size-background-worker=32768"
    "memorysetup-temp-allocator-size-job-worker=262144"
    "memorysetup-temp-allocator-size-preload-manager=33554432"
    "memorysetup-temp-allocator-size-nav-mesh-worker=65536"
    "memorysetup-temp-allocator-size-audio-worker=65536"
    "memorysetup-temp-allocator-size-cloud-worker=32768"
    "memorysetup-temp-allocator-size-gi-baking-worker=262144"
    "memorysetup-temp-allocator-size-gfx=262144"
Player connection [4914091520] Host "[IP] 192.168.1.116 [Port] 0 [Flags] 2 [Guid] 3267359941 [EditorId] 3267359941 [Version] 1048832 [Id] OSXEditor(0,Kay-Lynnes-MacBook-Pro.local) [Debug] 1 [PackageName] OSXEditor [ProjectName] Editor" joined multi-casting on [225.0.0.222:54997]...

Player connection [4914091520] Host "[IP] 192.168.1.116 [Port] 0 [Flags] 2 [Guid] 3267359941 [EditorId] 3267359941 [Version] 1048832 [Id] OSXEditor(0,Kay-Lynnes-MacBook-Pro.local) [Debug] 1 [PackageName] OSXEditor [ProjectName] Editor" joined alternative multi-casting on [225.0.0.222:34997]...

Refreshing native plugins compatible for Editor in 162.55 ms, found 3 plugins.
Preloading 0 native plugins for Editor in 0.00 ms.
Initialize engine version: 2021.3.15f1 (e8e88683f834)
[Subsystems] Discovering subsystems at path /Applications/Unity/Hub/Editor/2021.3.15f1/Unity.app/Contents/Resources/UnitySubsystems
[Subsystems] Discovering subsystems at path /Users/kaylynne/Time's Up/Assets
GfxDevice: creating device client; threaded=0; jobified=0
Color LCD preferred device: AMD Radeon Pro 460 (high power)
Metal devices available: 2
0: AMD Radeon Pro 460 (high power)
1: Intel(R) HD Graphics 530 (low power)
Using device AMD Radeon Pro 460 (high power)
Initializing Metal device caps: AMD Radeon Pro 460
Initialize mono
Mono path[0] = '/Applications/Unity/Hub/Editor/2021.3.15f1/Unity.app/Contents/Managed'
Mono path[1] = '/Applications/Unity/Hub/Editor/2021.3.15f1/Unity.app/Contents/MonoBleedingEdge/lib/mono/unityjit-macos'
Mono config path = '/Applications/Unity/Hub/Editor/2021.3.15f1/Unity.app/Contents/MonoBleedingEdge/etc'
Using monoOptions --debugger-agent=transport=dt_socket,embedding=1,server=y,suspend=n,address=127.0.0.1:56754
Begin MonoManager ReloadAssembly
Registering precompiled unity dll's ...
Register platform support module: /Applications/Unity/Hub/Editor/2021.3.15f1/Unity.app/Contents/PlaybackEngines/MacStandaloneSupport/UnityEditor.OSXStandalone.Extensions.dll
Registered in 0.000893 seconds.
Native extension for OSXStandalone target not found
Refreshing native plugins compatible for Editor in 141.02 ms, found 3 plugins.
Preloading 0 native plugins for Editor in 0.00 ms.
Mono: successfully reloaded assembly
- Completed reload, in  0.900 seconds
Domain Reload Profiling:
	ReloadAssembly (900ms)
		BeginReloadAssembly (74ms)
			ExecutionOrderSort (0ms)
			DisableScriptedObjects (0ms)
			BackupInstance (0ms)
			ReleaseScriptingObjects (0ms)
			CreateAndSetChildDomain (1ms)
		EndReloadAssembly (667ms)
			LoadAssemblies (74ms)
			RebuildTransferFunctionScriptingTraits (0ms)
			SetupTypeCache (164ms)
			ReleaseScriptCaches (0ms)
			RebuildScriptCaches (42ms)
			SetupLoadedEditorAssemblies (399ms)
				LogAssemblyErrors (0ms)
				InitializePlatformSupportModulesInManaged (8ms)
				SetLoadedEditorAssemblies (0ms)
				RefreshPlugins (141ms)
				BeforeProcessingInitializeOnLoad (2ms)
				ProcessInitializeOnLoadAttributes (192ms)
				ProcessInitializeOnLoadMethodAttributes (56ms)
				AfterProcessingInitializeOnLoad (0ms)
				EditorAssembliesLoaded (0ms)
			ExecutionOrderSort2 (0ms)
			AwakeInstancesAfterBackupRestoration (0ms)
Platform modules already initialized, skipping
Registering precompiled user dll's ...
Registered in 0.003522 seconds.
Begin MonoManager ReloadAssembly
Symbol file LoadedFromMemory doesn't match image /Users/kaylynne/Time's Up/Library/PackageCache/com.unity.visualscripting@1.7.8/Editor/VisualScripting.Core/Dependencies/YamlDotNet/Unity.VisualScripting.YamlDotNet.dll
Symbol file LoadedFromMemory doesn't match image /Users/kaylynne/Time's Up/Library/PackageCache/com.unity.visualscripting@1.7.8/Editor/VisualScripting.Core/Dependencies/DotNetZip/Unity.VisualScripting.IonicZip.dll
Native extension for OSXStandalone target not found
Refreshing native plugins compatible for Editor in 146.94 ms, found 3 plugins.
Preloading 0 native plugins for Editor in 0.00 ms.
Mono: successfully reloaded assembly
- Completed reload, in  1.983 seconds
Domain Reload Profiling:
	ReloadAssembly (1984ms)
		BeginReloadAssembly (125ms)
			ExecutionOrderSort (0ms)
			DisableScriptedObjects (8ms)
			BackupInstance (0ms)
			ReleaseScriptingObjects (0ms)
			CreateAndSetChildDomain (29ms)
		EndReloadAssembly (1703ms)
			LoadAssemblies (89ms)
			RebuildTransferFunctionScriptingTraits (0ms)
			SetupTypeCache (417ms)
			ReleaseScriptCaches (1ms)
			RebuildScriptCaches (99ms)
			SetupLoadedEditorAssemblies (1010ms)
				LogAssemblyErrors (0ms)
				InitializePlatformSupportModulesInManaged (3ms)
				SetLoadedEditorAssemblies (1ms)
				RefreshPlugins (147ms)
				BeforeProcessingInitializeOnLoad (146ms)
				ProcessInitializeOnLoadAttributes (590ms)
				ProcessInitializeOnLoadMethodAttributes (120ms)
				AfterProcessingInitializeOnLoad (3ms)
				EditorAssembliesLoaded (0ms)
			ExecutionOrderSort2 (0ms)
			AwakeInstancesAfterBackupRestoration (10ms)
Platform modules already initialized, skipping
========================================================================
Worker process is ready to serve import requests
Launching external process: /Applications/Unity/Hub/Editor/2021.3.15f1/Unity.app/Contents/Tools/UnityShaderCompiler
Launched and connected shader compiler UnityShaderCompiler after 0.07 seconds
Refreshing native plugins compatible for Editor in 1.01 ms, found 3 plugins.
Preloading 0 native plugins for Editor in 0.00 ms.
Unloading 5508 Unused Serialized files (Serialized files now loaded: 0)
Unloading 61 unused Assets / (1.6 MB). Loaded Objects now: 5940.
Memory consumption went from 338.7 MB to 337.1 MB.
Total: 6.642631 ms (FindLiveObjects: 0.503532 ms CreateObjectMapping: 0.434132 ms MarkObjects: 4.842220 ms  DeleteObjects: 0.861618 ms)

AssetImportParameters requested are different than current active one (requested -> active):
  custom:video-decoder-ogg-theora: a1e56fd34408186e4bbccfd4996cb3dc -> 
  custom:container-muxer-webm: aa71ff27fc2769a1b78a27578f13a17b -> 
  custom:container-demuxer-webm: 4f35f7cbe854078d1ac9338744f61a02 -> 
  custom:video-encoder-webm-vp8: eb34c28f22e8b96e1ab97ce403110664 -> 
  custom:framework-osx-AVFoundation: e770b220cccbd017edd2c1fefb359320 -> 
  custom:audio-encoder-webm-vorbis: bf7c407c2cedff20999df2af8eb42d56 -> 
  custom:container-demuxer-ogg: 62fdf1f143b41e24485cea50d1cbac27 -> 
  custom:video-decoder-webm-vp8: 9c59270c3fd7afecdb556c50c9e8de78 -> 
  custom:audio-decoder-ogg-vorbis: bf7c407c2cedff20999df2af8eb42d56 -> 
========================================================================
Received Prepare
Registering precompiled user dll's ...
Registered in 0.003434 seconds.
Begin MonoManager ReloadAssembly
Symbol file LoadedFromMemory doesn't match image /Users/kaylynne/Time's Up/Library/PackageCache/com.unity.visualscripting@1.7.8/Editor/VisualScripting.Core/Dependencies/YamlDotNet/Unity.VisualScripting.YamlDotNet.dll
Symbol file LoadedFromMemory doesn't match image /Users/kaylynne/Time's Up/Library/PackageCache/com.unity.visualscripting@1.7.8/Editor/VisualScripting.Core/Dependencies/DotNetZip/Unity.VisualScripting.IonicZip.dll
Native extension for OSXStandalone target not found
Refreshing native plugins compatible for Editor in 1.14 ms, found 3 plugins.
Preloading 0 native plugins for Editor in 0.00 ms.
Mono: successfully reloaded assembly
- Completed reload, in  1.791 seconds
Domain Reload Profiling:
	ReloadAssembly (1792ms)
		BeginReloadAssembly (187ms)
			ExecutionOrderSort (0ms)
			DisableScriptedObjects (12ms)
			BackupInstance (0ms)
			ReleaseScriptingObjects (0ms)
			CreateAndSetChildDomain (79ms)
		EndReloadAssembly (1459ms)
			LoadAssemblies (94ms)
			RebuildTransferFunctionScriptingTraits (0ms)
			SetupTypeCache (438ms)
			ReleaseScriptCaches (2ms)
			RebuildScriptCaches (81ms)
			SetupLoadedEditorAssemblies (775ms)
				LogAssemblyErrors (0ms)
				InitializePlatformSupportModulesInManaged (10ms)
				SetLoadedEditorAssemblies (1ms)
				RefreshPlugins (1ms)
				BeforeProcessingInitializeOnLoad (109ms)
				ProcessInitializeOnLoadAttributes (546ms)
				ProcessInitializeOnLoadMethodAttributes (106ms)
				AfterProcessingInitializeOnLoad (2ms)
				EditorAssembliesLoaded (0ms)
			ExecutionOrderSort2 (0ms)
			AwakeInstancesAfterBackupRestoration (9ms)
Platform modules already initialized, skipping
Refreshing native plugins compatible for Editor in 2.29 ms, found 3 plugins.
Preloading 0 native plugins for Editor in 0.00 ms.
Unloading 5405 Unused Serialized files (Serialized files now loaded: 0)
Unloading 48 unused Assets / (1.6 MB). Loaded Objects now: 5954.
Memory consumption went from 335.2 MB to 333.7 MB.
Total: 6.762103 ms (FindLiveObjects: 0.544886 ms CreateObjectMapping: 0.558139 ms MarkObjects: 4.782001 ms  DeleteObjects: 0.876003 ms)

AssetImportParameters requested are different than current active one (requested -> active):
  custom:video-decoder-ogg-theora: a1e56fd34408186e4bbccfd4996cb3dc -> 
  custom:container-muxer-webm: aa71ff27fc2769a1b78a27578f13a17b -> 
  custom:container-demuxer-webm: 4f35f7cbe854078d1ac9338744f61a02 -> 
  custom:video-encoder-webm-vp8: eb34c28f22e8b96e1ab97ce403110664 -> 
  custom:framework-osx-AVFoundation: e770b220cccbd017edd2c1fefb359320 -> 
  custom:audio-encoder-webm-vorbis: bf7c407c2cedff20999df2af8eb42d56 -> 
  custom:container-demuxer-ogg: 62fdf1f143b41e24485cea50d1cbac27 -> 
  custom:video-decoder-webm-vp8: 9c59270c3fd7afecdb556c50c9e8de78 -> 
  custom:audio-decoder-ogg-vorbis: bf7c407c2cedff20999df2af8eb42d56 -> 
========================================================================
Received Import Request.
  Time since last request: 235576.368484 seconds.
  path: Assets/Assets
  artifactKey: Guid(bd16377ff7e084e6d954887e0d0ebd8a) Importer(815301076,1909f56bfc062723c751e8b465ee728b)
Start importing Assets/Assets using Guid(bd16377ff7e084e6d954887e0d0ebd8a) Importer(815301076,1909f56bfc062723c751e8b465ee728b)  -> (artifact id: '3f7cac3ceac89dd7157ff6dedf075e71') in 0.013612 seconds 
========================================================================
Received Import Request.
  Time since last request: 6.314755 seconds.
  path: Assets/Assets/UniversalRenderPipelineAsset.asset
  artifactKey: Guid(4e8b05e2f64d4544f8bc63982fc07f16) Importer(815301076,1909f56bfc062723c751e8b465ee728b)
Start importing Assets/Assets/UniversalRenderPipelineAsset.asset using Guid(4e8b05e2f64d4544f8bc63982fc07f16) Importer(815301076,1909f56bfc062723c751e8b465ee728b)  -> (artifact id: 'f1096f298d6443a698172e36694233e3') in 0.151242 seconds 
========================================================================
Received Prepare
Registering precompiled user dll's ...
Registered in 0.003316 seconds.
Begin MonoManager ReloadAssembly
Symbol file LoadedFromMemory doesn't match image /Users/kaylynne/Time's Up/Library/PackageCache/com.unity.visualscripting@1.7.8/Editor/VisualScripting.Core/Dependencies/YamlDotNet/Unity.VisualScripting.YamlDotNet.dll
Symbol file LoadedFromMemory doesn't match image /Users/kaylynne/Time's Up/Library/PackageCache/com.unity.visualscripting@1.7.8/Editor/VisualScripting.Core/Dependencies/DotNetZip/Unity.VisualScripting.IonicZip.dll
Native extension for OSXStandalone target not found
Refreshing native plugins compatible for Editor in 1.53 ms, found 3 plugins.
Preloading 0 native plugins for Editor in 0.00 ms.
Mono: successfully reloaded assembly
- Completed reload, in  2.005 seconds
Domain Reload Profiling:
	ReloadAssembly (2006ms)
		BeginReloadAssembly (174ms)
			ExecutionOrderSort (0ms)
			DisableScriptedObjects (9ms)
			BackupInstance (0ms)
			ReleaseScriptingObjects (0ms)
			CreateAndSetChildDomain (83ms)
		EndReloadAssembly (1699ms)
			LoadAssemblies (86ms)
			RebuildTransferFunctionScriptingTraits (0ms)
			SetupTypeCache (400ms)
			ReleaseScriptCaches (3ms)
			RebuildScriptCaches (89ms)
			SetupLoadedEditorAssemblies (1020ms)
				LogAssemblyErrors (0ms)
				InitializePlatformSupportModulesInManaged (13ms)
				SetLoadedEditorAssemblies (1ms)
				RefreshPlugins (2ms)
				BeforeProcessingInitializeOnLoad (128ms)
				ProcessInitializeOnLoadAttributes (737ms)
				ProcessInitializeOnLoadMethodAttributes (138ms)
				AfterProcessingInitializeOnLoad (2ms)
				EditorAssembliesLoaded (0ms)
			ExecutionOrderSort2 (0ms)
			AwakeInstancesAfterBackupRestoration (12ms)
Platform modules already initialized, skipping
Refreshing native plugins compatible for Editor in 2.68 ms, found 3 plugins.
Preloading 0 native plugins for Editor in 0.00 ms.
Unloading 5405 Unused Serialized files (Serialized files now loaded: 0)
Unloading 48 unused Assets / (1.6 MB). Loaded Objects now: 5958.
Memory consumption went from 339.8 MB to 338.2 MB.
Total: 8.247230 ms (FindLiveObjects: 0.727345 ms CreateObjectMapping: 0.635810 ms MarkObjects: 5.824230 ms  DeleteObjects: 1.058448 ms)

AssetImportParameters requested are different than current active one (requested -> active):
  custom:video-decoder-ogg-theora: a1e56fd34408186e4bbccfd4996cb3dc -> 
  custom:container-muxer-webm: aa71ff27fc2769a1b78a27578f13a17b -> 
  custom:container-demuxer-webm: 4f35f7cbe854078d1ac9338744f61a02 -> 
  custom:video-encoder-webm-vp8: eb34c28f22e8b96e1ab97ce403110664 -> 
  custom:framework-osx-AVFoundation: e770b220cccbd017edd2c1fefb359320 -> 
  custom:audio-encoder-webm-vorbis: bf7c407c2cedff20999df2af8eb42d56 -> 
  custom:container-demuxer-ogg: 62fdf1f143b41e24485cea50d1cbac27 -> 
  custom:video-decoder-webm-vp8: 9c59270c3fd7afecdb556c50c9e8de78 -> 
  custom:audio-decoder-ogg-vorbis: bf7c407c2cedff20999df2af8eb42d56 -> 
========================================================================
Received Prepare
Registering precompiled user dll's ...
Registered in 0.003303 seconds.
Begin MonoManager ReloadAssembly
Symbol file LoadedFromMemory doesn't match image /Users/kaylynne/Time's Up/Library/PackageCache/com.unity.visualscripting@1.7.8/Editor/VisualScripting.Core/Dependencies/YamlDotNet/Unity.VisualScripting.YamlDotNet.dll
Symbol file LoadedFromMemory doesn't match image /Users/kaylynne/Time's Up/Library/PackageCache/com.unity.visualscripting@1.7.8/Editor/VisualScripting.Core/Dependencies/DotNetZip/Unity.VisualScripting.IonicZip.dll
Native extension for OSXStandalone target not found
Refreshing native plugins compatible for Editor in 1.12 ms, found 3 plugins.
Preloading 0 native plugins for Editor in 0.00 ms.
Mono: successfully reloaded assembly
- Completed reload, in  1.855 seconds
Domain Reload Profiling:
	ReloadAssembly (1856ms)
		BeginReloadAssembly (172ms)
			ExecutionOrderSort (0ms)
			DisableScriptedObjects (11ms)
			BackupInstance (0ms)
			ReleaseScriptingObjects (0ms)
			CreateAndSetChildDomain (72ms)
		EndReloadAssembly (1553ms)
			LoadAssemblies (91ms)
			RebuildTransferFunctionScriptingTraits (0ms)
			SetupTypeCache (411ms)
			ReleaseScriptCaches (2ms)
			RebuildScriptCaches (77ms)
			SetupLoadedEditorAssemblies (896ms)
				LogAssemblyErrors (0ms)
				InitializePlatformSupportModulesInManaged (10ms)
				SetLoadedEditorAssemblies (1ms)
				RefreshPlugins (1ms)
				BeforeProcessingInitializeOnLoad (113ms)
				ProcessInitializeOnLoadAttributes (668ms)
				ProcessInitializeOnLoadMethodAttributes (101ms)
				AfterProcessingInitializeOnLoad (1ms)
				EditorAssembliesLoaded (0ms)
			ExecutionOrderSort2 (0ms)
			AwakeInstancesAfterBackupRestoration (10ms)
Platform modules already initialized, skipping
Refreshing native plugins compatible for Editor in 2.31 ms, found 3 plugins.
Preloading 0 native plugins for Editor in 0.00 ms.
Unloading 5565 Unused Serialized files (Serialized files now loaded: 0)
Unloading 50 unused Assets / (1.7 MB). Loaded Objects now: 6130.
Memory consumption went from 347.4 MB to 345.8 MB.
Total: 7.037126 ms (FindLiveObjects: 0.547553 ms CreateObjectMapping: 0.553696 ms MarkObjects: 5.004475 ms  DeleteObjects: 0.930084 ms)

AssetImportParameters requested are different than current active one (requested -> active):
  custom:video-decoder-ogg-theora: a1e56fd34408186e4bbccfd4996cb3dc -> 
  custom:container-muxer-webm: aa71ff27fc2769a1b78a27578f13a17b -> 
  custom:container-demuxer-webm: 4f35f7cbe854078d1ac9338744f61a02 -> 
  custom:video-encoder-webm-vp8: eb34c28f22e8b96e1ab97ce403110664 -> 
  custom:framework-osx-AVFoundation: e770b220cccbd017edd2c1fefb359320 -> 
  custom:audio-encoder-webm-vorbis: bf7c407c2cedff20999df2af8eb42d56 -> 
  custom:container-demuxer-ogg: 62fdf1f143b41e24485cea50d1cbac27 -> 
  custom:video-decoder-webm-vp8: 9c59270c3fd7afecdb556c50c9e8de78 -> 
  custom:audio-decoder-ogg-vorbis: bf7c407c2cedff20999df2af8eb42d56 -> 
========================================================================
Received Prepare
Registering precompiled user dll's ...
Registered in 0.003459 seconds.
Begin MonoManager ReloadAssembly
Symbol file LoadedFromMemory doesn't match image /Users/kaylynne/Time's Up/Library/PackageCache/com.unity.visualscripting@1.7.8/Editor/VisualScripting.Core/Dependencies/YamlDotNet/Unity.VisualScripting.YamlDotNet.dll
Symbol file LoadedFromMemory doesn't match image /Users/kaylynne/Time's Up/Library/PackageCache/com.unity.visualscripting@1.7.8/Editor/VisualScripting.Core/Dependencies/DotNetZip/Unity.VisualScripting.IonicZip.dll
Native extension for OSXStandalone target not found
Refreshing native plugins compatible for Editor in 1.86 ms, found 3 plugins.
Preloading 0 native plugins for Editor in 0.00 ms.
Mono: successfully reloaded assembly
- Completed reload, in  2.091 seconds
Domain Reload Profiling:
	ReloadAssembly (2092ms)
		BeginReloadAssembly (175ms)
			ExecutionOrderSort (0ms)
			DisableScriptedObjects (8ms)
			BackupInstance (0ms)
			ReleaseScriptingObjects (0ms)
			CreateAndSetChildDomain (72ms)
		EndReloadAssembly (1780ms)
			LoadAssemblies (106ms)
			RebuildTransferFunctionScriptingTraits (0ms)
			SetupTypeCache (439ms)
			ReleaseScriptCaches (2ms)
			RebuildScriptCaches (91ms)
			SetupLoadedEditorAssemblies (1056ms)
				LogAssemblyErrors (0ms)
				InitializePlatformSupportModulesInManaged (13ms)
				SetLoadedEditorAssemblies (1ms)
				RefreshPlugins (2ms)
				BeforeProcessingInitializeOnLoad (128ms)
				ProcessInitializeOnLoadAttributes (774ms)
				ProcessInitializeOnLoadMethodAttributes (136ms)
				AfterProcessingInitializeOnLoad (1ms)
				EditorAssembliesLoaded (0ms)
			ExecutionOrderSort2 (0ms)
			AwakeInstancesAfterBackupRestoration (12ms)
Platform modules already initialized, skipping
Refreshing native plugins compatible for Editor in 3.14 ms, found 3 plugins.
Preloading 0 native plugins for Editor in 0.00 ms.
Unloading 5565 Unused Serialized files (Serialized files now loaded: 0)
Unloading 50 unused Assets / (1.7 MB). Loaded Objects now: 6145.
Memory consumption went from 347.9 MB to 346.3 MB.
Total: 9.739319 ms (FindLiveObjects: 0.756430 ms CreateObjectMapping: 0.793143 ms MarkObjects: 6.899906 ms  DeleteObjects: 1.288545 ms)

AssetImportParameters requested are different than current active one (requested -> active):
  custom:video-decoder-ogg-theora: a1e56fd34408186e4bbccfd4996cb3dc -> 
  custom:container-muxer-webm: aa71ff27fc2769a1b78a27578f13a17b -> 
  custom:container-demuxer-webm: 4f35f7cbe854078d1ac9338744f61a02 -> 
  custom:video-encoder-webm-vp8: eb34c28f22e8b96e1ab97ce403110664 -> 
  custom:framework-osx-AVFoundation: e770b220cccbd017edd2c1fefb359320 -> 
  custom:audio-encoder-webm-vorbis: bf7c407c2cedff20999df2af8eb42d56 -> 
  custom:container-demuxer-ogg: 62fdf1f143b41e24485cea50d1cbac27 -> 
  custom:video-decoder-webm-vp8: 9c59270c3fd7afecdb556c50c9e8de78 -> 
  custom:audio-decoder-ogg-vorbis: bf7c407c2cedff20999df2af8eb42d56 -> 
========================================================================
Received Prepare
Registering precompiled user dll's ...
Registered in 0.003292 seconds.
Begin MonoManager ReloadAssembly
Symbol file LoadedFromMemory doesn't match image /Users/kaylynne/Time's Up/Library/PackageCache/com.unity.visualscripting@1.7.8/Editor/VisualScripting.Core/Dependencies/YamlDotNet/Unity.VisualScripting.YamlDotNet.dll
Symbol file LoadedFromMemory doesn't match image /Users/kaylynne/Time's Up/Library/PackageCache/com.unity.visualscripting@1.7.8/Editor/VisualScripting.Core/Dependencies/DotNetZip/Unity.VisualScripting.IonicZip.dll
Native extension for OSXStandalone target not found
Refreshing native plugins compatible for Editor in 1.51 ms, found 3 plugins.
Preloading 0 native plugins for Editor in 0.00 ms.
Mono: successfully reloaded assembly
- Completed reload, in  2.137 seconds
Domain Reload Profiling:
	ReloadAssembly (2138ms)
		BeginReloadAssembly (178ms)
			ExecutionOrderSort (0ms)
			DisableScriptedObjects (8ms)
			BackupInstance (0ms)
			ReleaseScriptingObjects (0ms)
			CreateAndSetChildDomain (85ms)
		EndReloadAssembly (1815ms)
			LoadAssemblies (93ms)
			RebuildTransferFunctionScriptingTraits (0ms)
			SetupTypeCache (425ms)
			ReleaseScriptCaches (2ms)
			RebuildScriptCaches (80ms)
			SetupLoadedEditorAssemblies (1103ms)
				LogAssemblyErrors (0ms)
				InitializePlatformSupportModulesInManaged (15ms)
				SetLoadedEditorAssemblies (1ms)
				RefreshPlugins (2ms)
				BeforeProcessingInitializeOnLoad (132ms)
				ProcessInitializeOnLoadAttributes (811ms)
				ProcessInitializeOnLoadMethodAttributes (140ms)
				AfterProcessingInitializeOnLoad (2ms)
				EditorAssembliesLoaded (0ms)
			ExecutionOrderSort2 (0ms)
			AwakeInstancesAfterBackupRestoration (12ms)
Platform modules already initialized, skipping
Refreshing native plugins compatible for Editor in 3.13 ms, found 3 plugins.
Preloading 0 native plugins for Editor in 0.00 ms.
Unloading 5565 Unused Serialized files (Serialized files now loaded: 0)
Unloading 50 unused Assets / (1.7 MB). Loaded Objects now: 6160.
Memory consumption went from 348.3 MB to 346.6 MB.
Total: 9.063786 ms (FindLiveObjects: 0.642188 ms CreateObjectMapping: 0.671387 ms MarkObjects: 6.597342 ms  DeleteObjects: 1.151584 ms)

AssetImportParameters requested are different than current active one (requested -> active):
  custom:video-decoder-ogg-theora: a1e56fd34408186e4bbccfd4996cb3dc -> 
  custom:container-muxer-webm: aa71ff27fc2769a1b78a27578f13a17b -> 
  custom:container-demuxer-webm: 4f35f7cbe854078d1ac9338744f61a02 -> 
  custom:video-encoder-webm-vp8: eb34c28f22e8b96e1ab97ce403110664 -> 
  custom:framework-osx-AVFoundation: e770b220cccbd017edd2c1fefb359320 -> 
  custom:audio-encoder-webm-vorbis: bf7c407c2cedff20999df2af8eb42d56 -> 
  custom:container-demuxer-ogg: 62fdf1f143b41e24485cea50d1cbac27 -> 
  custom:video-decoder-webm-vp8: 9c59270c3fd7afecdb556c50c9e8de78 -> 
  custom:audio-decoder-ogg-vorbis: bf7c407c2cedff20999df2af8eb42d56 -> 
========================================================================
Received Prepare
Registering precompiled user dll's ...
Registered in 0.004012 seconds.
Begin MonoManager ReloadAssembly
Symbol file LoadedFromMemory doesn't match image /Users/kaylynne/Time's Up/Library/PackageCache/com.unity.visualscripting@1.7.8/Editor/VisualScripting.Core/Dependencies/YamlDotNet/Unity.VisualScripting.YamlDotNet.dll
Symbol file LoadedFromMemory doesn't match image /Users/kaylynne/Time's Up/Library/PackageCache/com.unity.visualscripting@1.7.8/Editor/VisualScripting.Core/Dependencies/DotNetZip/Unity.VisualScripting.IonicZip.dll
Native extension for OSXStandalone target not found
Refreshing native plugins compatible for Editor in 2.09 ms, found 3 plugins.
Preloading 0 native plugins for Editor in 0.00 ms.
Mono: successfully reloaded assembly
- Completed reload, in  2.598 seconds
Domain Reload Profiling:
	ReloadAssembly (2599ms)
		BeginReloadAssembly (304ms)
			ExecutionOrderSort (0ms)
			DisableScriptedObjects (16ms)
			BackupInstance (0ms)
			ReleaseScriptingObjects (0ms)
			CreateAndSetChildDomain (148ms)
		EndReloadAssembly (2110ms)
			LoadAssemblies (134ms)
			RebuildTransferFunctionScriptingTraits (0ms)
			SetupTypeCache (608ms)
			ReleaseScriptCaches (3ms)
			RebuildScriptCaches (118ms)
			SetupLoadedEditorAssemblies (1145ms)
				LogAssemblyErrors (0ms)
				InitializePlatformSupportModulesInManaged (16ms)
				SetLoadedEditorAssemblies (1ms)
				RefreshPlugins (2ms)
				BeforeProcessingInitializeOnLoad (149ms)
				ProcessInitializeOnLoadAttributes (826ms)
				ProcessInitializeOnLoadMethodAttributes (150ms)
				AfterProcessingInitializeOnLoad (2ms)
				EditorAssembliesLoaded (0ms)
			ExecutionOrderSort2 (0ms)
			AwakeInstancesAfterBackupRestoration (12ms)
Platform modules already initialized, skipping
Refreshing native plugins compatible for Editor in 3.09 ms, found 3 plugins.
Preloading 0 native plugins for Editor in 0.00 ms.
Unloading 5565 Unused Serialized files (Serialized files now loaded: 0)
Unloading 50 unused Assets / (1.7 MB). Loaded Objects now: 6175.
Memory consumption went from 348.5 MB to 346.8 MB.
Total: 8.670551 ms (FindLiveObjects: 0.620256 ms CreateObjectMapping: 0.686771 ms MarkObjects: 6.112250 ms  DeleteObjects: 1.250057 ms)

AssetImportParameters requested are different than current active one (requested -> active):
  custom:video-decoder-ogg-theora: a1e56fd34408186e4bbccfd4996cb3dc -> 
  custom:container-muxer-webm: aa71ff27fc2769a1b78a27578f13a17b -> 
  custom:container-demuxer-webm: 4f35f7cbe854078d1ac9338744f61a02 -> 
  custom:video-encoder-webm-vp8: eb34c28f22e8b96e1ab97ce403110664 -> 
  custom:framework-osx-AVFoundation: e770b220cccbd017edd2c1fefb359320 -> 
  custom:audio-encoder-webm-vorbis: bf7c407c2cedff20999df2af8eb42d56 -> 
  custom:container-demuxer-ogg: 62fdf1f143b41e24485cea50d1cbac27 -> 
  custom:video-decoder-webm-vp8: 9c59270c3fd7afecdb556c50c9e8de78 -> 
  custom:audio-decoder-ogg-vorbis: bf7c407c2cedff20999df2af8eb42d56 -> 
========================================================================
Received Import Request.
  Time since last request: 444.325755 seconds.
  path: Assets/Assets/Enemies/flyMan_fly.png
  artifactKey: Guid(0f70b4b19c189ec4b8e80675b4ec4364) Importer(815301076,1909f56bfc062723c751e8b465ee728b)
Start importing Assets/Assets/Enemies/flyMan_fly.png using Guid(0f70b4b19c189ec4b8e80675b4ec4364) Importer(815301076,1909f56bfc062723c751e8b465ee728b)  -> (artifact id: '374d154ae0e6d569fa94630d3ac7d7fb') in 1.765363 seconds 
========================================================================
Received Import Request.
  Time since last request: 0.000095 seconds.
  path: Assets/Assets/HUD/roundEdgeRect.png
  artifactKey: Guid(6e4eac7fff75357459612af1850259d9) Importer(815301076,1909f56bfc062723c751e8b465ee728b)
Start importing Assets/Assets/HUD/roundEdgeRect.png using Guid(6e4eac7fff75357459612af1850259d9) Importer(815301076,1909f56bfc062723c751e8b465ee728b)  -> (artifact id: '68731646568043b4b9b6f906309ce197') in 0.017391 seconds 
========================================================================
Received Import Request.
  Time since last request: 0.000076 seconds.
  path: Assets/Assets/HUD/heartIcon.png
  artifactKey: Guid(6c4e555288e93b24e92c137eb7546a55) Importer(815301076,1909f56bfc062723c751e8b465ee728b)
Start importing Assets/Assets/HUD/heartIcon.png using Guid(6c4e555288e93b24e92c137eb7546a55) Importer(815301076,1909f56bfc062723c751e8b465ee728b)  -> (artifact id: '6d18effa0195c9479667a9aa545eb37a') in 0.026378 seconds 
========================================================================
Received Import Request.
  Time since last request: 0.000095 seconds.
  path: Assets/Assets/Enemies/springMan_stand.png
  artifactKey: Guid(34707c24dd89b5c469a383c6f959ba30) Importer(815301076,1909f56bfc062723c751e8b465ee728b)
Start importing Assets/Assets/Enemies/springMan_stand.png using Guid(34707c24dd89b5c469a383c6f959ba30) Importer(815301076,1909f56bfc062723c751e8b465ee728b)  -> (artifact id: '1190c28b0f21a8db567a0cf9d7975103') in 0.022038 seconds 
========================================================================
Received Import Request.
  Time since last request: 0.000072 seconds.
  path: Assets/Assets/HUD/purpleRectNormal.png
  artifactKey: Guid(8dcfd2a6dbc3e4f4ea718ba1a15cc0fb) Importer(815301076,1909f56bfc062723c751e8b465ee728b)
Start importing Assets/Assets/HUD/purpleRectNormal.png using Guid(8dcfd2a6dbc3e4f4ea718ba1a15cc0fb) Importer(815301076,1909f56bfc062723c751e8b465ee728b)  -> (artifact id: 'ee0a74cc47204e481d8374a4418ec8f2') in 0.019825 seconds 
========================================================================
Received Import Request.
  Time since last request: 0.000081 seconds.
  path: Assets/Assets/Enemies/spikeMan_jump.png
  artifactKey: Guid(14d14aeda672b1a4392e1e9e7b9fcf7a) Importer(815301076,1909f56bfc062723c751e8b465ee728b)
Start importing Assets/Assets/Enemies/spikeMan_jump.png using Guid(14d14aeda672b1a4392e1e9e7b9fcf7a) Importer(815301076,1909f56bfc062723c751e8b465ee728b)  -> (artifact id: '0e0cf7715174a6ac1bb132694e531337') in 0.016085 seconds 
========================================================================
Received Import Request.
  Time since last request: 0.000093 seconds.
  path: Assets/Assets/Enemies/flyMan_jump.png
  artifactKey: Guid(3be9a15bccf88724f8115b4643acf89e) Importer(815301076,1909f56bfc062723c751e8b465ee728b)
Start importing Assets/Assets/Enemies/flyMan_jump.png using Guid(3be9a15bccf88724f8115b4643acf89e) Importer(815301076,1909f56bfc062723c751e8b465ee728b)  -> (artifact id: 'ff32dcacce3f55adf8a9b37249bf35d9') in 0.019454 seconds 
========================================================================
Received Import Request.
  Time since last request: 0.000131 seconds.
  path: Assets/Assets/Enemies/sun2.png
  artifactKey: Guid(5443c6e2791dfee47897855262fb776f) Importer(815301076,1909f56bfc062723c751e8b465ee728b)
Start importing Assets/Assets/Enemies/sun2.png using Guid(5443c6e2791dfee47897855262fb776f) Importer(815301076,1909f56bfc062723c751e8b465ee728b)  -> (artifact id: '7f9054a698ad07c21d1ad8149daea6f0') in 0.020733 seconds 
========================================================================
Received Import Request.
  Time since last request: 0.000064 seconds.
  path: Assets/Assets/HUD/coin_silver.png
  artifactKey: Guid(c9b7f9beb9f46a74e976de5b6c8aaf5b) Importer(815301076,1909f56bfc062723c751e8b465ee728b)
Start importing Assets/Assets/HUD/coin_silver.png using Guid(c9b7f9beb9f46a74e976de5b6c8aaf5b) Importer(815301076,1909f56bfc062723c751e8b465ee728b)  -> (artifact id: '464269947c16dfa80eea9225a369b895') in 0.013895 seconds 
========================================================================
Received Import Request.
  Time since last request: 0.000081 seconds.
  path: Assets/Assets/Enemies/spikeBall1.png
  artifactKey: Guid(31001b137b0589c439469008bc434ef2) Importer(815301076,1909f56bfc062723c751e8b465ee728b)
Start importing Assets/Assets/Enemies/spikeBall1.png using Guid(31001b137b0589c439469008bc434ef2) Importer(815301076,1909f56bfc062723c751e8b465ee728b)  -> (artifact id: '5a5eecef893a88e82cf1f68851d1d95a') in 0.018912 seconds 
========================================================================
Received Import Request.
  Time since last request: 0.000099 seconds.
  path: Assets/Assets/Enemies/flyMan_still_stand.png
  artifactKey: Guid(24dd3cb5a67af5c4bb461254e6d39550) Importer(815301076,1909f56bfc062723c751e8b465ee728b)
Start importing Assets/Assets/Enemies/flyMan_still_stand.png using Guid(24dd3cb5a67af5c4bb461254e6d39550) Importer(815301076,1909f56bfc062723c751e8b465ee728b)  -> (artifact id: '1930af158cf5b442bccae2ea46c32fc6') in 0.020862 seconds 
========================================================================
Received Import Request.
  Time since last request: 0.000077 seconds.
  path: Assets/Assets/HUD/h.png
  artifactKey: Guid(30a8164698ac0df4980645e66fa7b138) Importer(815301076,1909f56bfc062723c751e8b465ee728b)
Start importing Assets/Assets/HUD/h.png using Guid(30a8164698ac0df4980645e66fa7b138) Importer(815301076,1909f56bfc062723c751e8b465ee728b)  -> (artifact id: 'acced84f54a2fcd87b84b6fc9436c830') in 0.031001 seconds 
========================================================================
Received Import Request.
  Time since last request: 0.000154 seconds.
  path: Assets/Assets/HUD/greyRectNormal.png
  artifactKey: Guid(3fb8175e985f9394b9cc2ac732423a80) Importer(815301076,1909f56bfc062723c751e8b465ee728b)
Start importing Assets/Assets/HUD/greyRectNormal.png using Guid(3fb8175e985f9394b9cc2ac732423a80) Importer(815301076,1909f56bfc062723c751e8b465ee728b)  -> (artifact id: 'c0b35c2b5eabf2650f741828bc6714f2') in 0.028508 seconds 
========================================================================
Received Import Request.
  Time since last request: 0.000115 seconds.
  path: Assets/Assets/Enemies/wingMan5.png
  artifactKey: Guid(472d39b8566e4554f8a356f9a6800603) Importer(815301076,1909f56bfc062723c751e8b465ee728b)
Start importing Assets/Assets/Enemies/wingMan5.png using Guid(472d39b8566e4554f8a356f9a6800603) Importer(815301076,1909f56bfc062723c751e8b465ee728b)  -> (artifact id: '9f482e628b706d9b1eaeee5551f4ef94') in 0.019430 seconds 
========================================================================
Received Prepare
Registering precompiled user dll's ...
Registered in 0.003597 seconds.
Begin MonoManager ReloadAssembly
Symbol file LoadedFromMemory doesn't match image /Users/kaylynne/Time's Up/Library/PackageCache/com.unity.visualscripting@1.7.8/Editor/VisualScripting.Core/Dependencies/YamlDotNet/Unity.VisualScripting.YamlDotNet.dll
Symbol file LoadedFromMemory doesn't match image /Users/kaylynne/Time's Up/Library/PackageCache/com.unity.visualscripting@1.7.8/Editor/VisualScripting.Core/Dependencies/DotNetZip/Unity.VisualScripting.IonicZip.dll
Native extension for OSXStandalone target not found
Refreshing native plugins compatible for Editor in 1.58 ms, found 3 plugins.
Preloading 0 native plugins for Editor in 0.00 ms.
Mono: successfully reloaded assembly
- Completed reload, in  2.286 seconds
Domain Reload Profiling:
	ReloadAssembly (2287ms)
		BeginReloadAssembly (186ms)
			ExecutionOrderSort (0ms)
			DisableScriptedObjects (11ms)
			BackupInstance (0ms)
			ReleaseScriptingObjects (0ms)
			CreateAndSetChildDomain (83ms)
		EndReloadAssembly (1938ms)
			LoadAssemblies (101ms)
			RebuildTransferFunctionScriptingTraits (0ms)
			SetupTypeCache (555ms)
			ReleaseScriptCaches (3ms)
			RebuildScriptCaches (109ms)
			SetupLoadedEditorAssemblies (1064ms)
				LogAssemblyErrors (0ms)
				InitializePlatformSupportModulesInManaged (13ms)
				SetLoadedEditorAssemblies (1ms)
				RefreshPlugins (2ms)
				BeforeProcessingInitializeOnLoad (119ms)
				ProcessInitializeOnLoadAttributes (790ms)
				ProcessInitializeOnLoadMethodAttributes (137ms)
				AfterProcessingInitializeOnLoad (2ms)
				EditorAssembliesLoaded (0ms)
			ExecutionOrderSort2 (0ms)
			AwakeInstancesAfterBackupRestoration (12ms)
Platform modules already initialized, skipping
Refreshing native plugins compatible for Editor in 2.28 ms, found 3 plugins.
Preloading 0 native plugins for Editor in 0.00 ms.
Unloading 5565 Unused Serialized files (Serialized files now loaded: 0)
Unloading 50 unused Assets / (1.7 MB). Loaded Objects now: 6230.
Memory consumption went from 357.3 MB to 355.6 MB.
Total: 6.610476 ms (FindLiveObjects: 0.536168 ms CreateObjectMapping: 0.531365 ms MarkObjects: 4.483871 ms  DeleteObjects: 1.057722 ms)

AssetImportParameters requested are different than current active one (requested -> active):
  custom:video-decoder-ogg-theora: a1e56fd34408186e4bbccfd4996cb3dc -> 
  custom:container-muxer-webm: aa71ff27fc2769a1b78a27578f13a17b -> 
  custom:container-demuxer-webm: 4f35f7cbe854078d1ac9338744f61a02 -> 
  custom:video-encoder-webm-vp8: eb34c28f22e8b96e1ab97ce403110664 -> 
  custom:framework-osx-AVFoundation: e770b220cccbd017edd2c1fefb359320 -> 
  custom:audio-encoder-webm-vorbis: bf7c407c2cedff20999df2af8eb42d56 -> 
  custom:container-demuxer-ogg: 62fdf1f143b41e24485cea50d1cbac27 -> 
  custom:video-decoder-webm-vp8: 9c59270c3fd7afecdb556c50c9e8de78 -> 
  custom:audio-decoder-ogg-vorbis: bf7c407c2cedff20999df2af8eb42d56 -> 
========================================================================
Received Prepare
Registering precompiled user dll's ...
Registered in 0.003471 seconds.
Begin MonoManager ReloadAssembly
Symbol file LoadedFromMemory doesn't match image /Users/kaylynne/Time's Up/Library/PackageCache/com.unity.visualscripting@1.7.8/Editor/VisualScripting.Core/Dependencies/YamlDotNet/Unity.VisualScripting.YamlDotNet.dll
Symbol file LoadedFromMemory doesn't match image /Users/kaylynne/Time's Up/Library/PackageCache/com.unity.visualscripting@1.7.8/Editor/VisualScripting.Core/Dependencies/DotNetZip/Unity.VisualScripting.IonicZip.dll
Native extension for OSXStandalone target not found
Refreshing native plugins compatible for Editor in 1.58 ms, found 3 plugins.
Preloading 0 native plugins for Editor in 0.00 ms.
Mono: successfully reloaded assembly
- Completed reload, in  2.191 seconds
Domain Reload Profiling:
	ReloadAssembly (2192ms)
		BeginReloadAssembly (182ms)
			ExecutionOrderSort (0ms)
			DisableScriptedObjects (10ms)
			BackupInstance (0ms)
			ReleaseScriptingObjects (0ms)
			CreateAndSetChildDomain (80ms)
		EndReloadAssembly (1851ms)
			LoadAssemblies (101ms)
			RebuildTransferFunctionScriptingTraits (0ms)
			SetupTypeCache (488ms)
			ReleaseScriptCaches (3ms)
			RebuildScriptCaches (100ms)
			SetupLoadedEditorAssemblies (1045ms)
				LogAssemblyErrors (0ms)
				InitializePlatformSupportModulesInManaged (14ms)
				SetLoadedEditorAssemblies (1ms)
				RefreshPlugins (2ms)
				BeforeProcessingInitializeOnLoad (120ms)
				ProcessInitializeOnLoadAttributes (769ms)
				ProcessInitializeOnLoadMethodAttributes (138ms)
				AfterProcessingInitializeOnLoad (2ms)
				EditorAssembliesLoaded (0ms)
			ExecutionOrderSort2 (0ms)
			AwakeInstancesAfterBackupRestoration (13ms)
Platform modules already initialized, skipping
Refreshing native plugins compatible for Editor in 2.72 ms, found 3 plugins.
Preloading 0 native plugins for Editor in 0.00 ms.
Unloading 5565 Unused Serialized files (Serialized files now loaded: 0)
Unloading 50 unused Assets / (1.7 MB). Loaded Objects now: 6245.
Memory consumption went from 357.6 MB to 355.9 MB.
Total: 7.268977 ms (FindLiveObjects: 0.563859 ms CreateObjectMapping: 0.617791 ms MarkObjects: 5.105753 ms  DeleteObjects: 0.980345 ms)

AssetImportParameters requested are different than current active one (requested -> active):
  custom:video-decoder-ogg-theora: a1e56fd34408186e4bbccfd4996cb3dc -> 
  custom:container-muxer-webm: aa71ff27fc2769a1b78a27578f13a17b -> 
  custom:container-demuxer-webm: 4f35f7cbe854078d1ac9338744f61a02 -> 
  custom:video-encoder-webm-vp8: eb34c28f22e8b96e1ab97ce403110664 -> 
  custom:framework-osx-AVFoundation: e770b220cccbd017edd2c1fefb359320 -> 
  custom:audio-encoder-webm-vorbis: bf7c407c2cedff20999df2af8eb42d56 -> 
  custom:container-demuxer-ogg: 62fdf1f143b41e24485cea50d1cbac27 -> 
  custom:video-decoder-webm-vp8: 9c59270c3fd7afecdb556c50c9e8de78 -> 
  custom:audio-decoder-ogg-vorbis: bf7c407c2cedff20999df2af8eb42d56 -> 
========================================================================
Received Prepare
Registering precompiled user dll's ...
Registered in 0.003283 seconds.
Begin MonoManager ReloadAssembly
Symbol file LoadedFromMemory doesn't match image /Users/kaylynne/Time's Up/Library/PackageCache/com.unity.visualscripting@1.7.8/Editor/VisualScripting.Core/Dependencies/YamlDotNet/Unity.VisualScripting.YamlDotNet.dll
Symbol file LoadedFromMemory doesn't match image /Users/kaylynne/Time's Up/Library/PackageCache/com.unity.visualscripting@1.7.8/Editor/VisualScripting.Core/Dependencies/DotNetZip/Unity.VisualScripting.IonicZip.dll
Native extension for OSXStandalone target not found
Refreshing native plugins compatible for Editor in 1.42 ms, found 3 plugins.
Preloading 0 native plugins for Editor in 0.00 ms.
Mono: successfully reloaded assembly
- Completed reload, in  2.068 seconds
Domain Reload Profiling:
	ReloadAssembly (2069ms)
		BeginReloadAssembly (177ms)
			ExecutionOrderSort (0ms)
			DisableScriptedObjects (9ms)
			BackupInstance (0ms)
			ReleaseScriptingObjects (0ms)
			CreateAndSetChildDomain (80ms)
		EndReloadAssembly (1761ms)
			LoadAssemblies (95ms)
			RebuildTransferFunctionScriptingTraits (0ms)
			SetupTypeCache (414ms)
			ReleaseScriptCaches (2ms)
			RebuildScriptCaches (84ms)
			SetupLoadedEditorAssemblies (1057ms)
				LogAssemblyErrors (0ms)
				InitializePlatformSupportModulesInManaged (13ms)
				SetLoadedEditorAssemblies (1ms)
				RefreshPlugins (1ms)
				BeforeProcessingInitializeOnLoad (131ms)
				ProcessInitializeOnLoadAttributes (769ms)
				ProcessInitializeOnLoadMethodAttributes (139ms)
				AfterProcessingInitializeOnLoad (2ms)
				EditorAssembliesLoaded (0ms)
			ExecutionOrderSort2 (0ms)
			AwakeInstancesAfterBackupRestoration (12ms)
Platform modules already initialized, skipping
Refreshing native plugins compatible for Editor in 3.49 ms, found 3 plugins.
Preloading 0 native plugins for Editor in 0.00 ms.
Unloading 5565 Unused Serialized files (Serialized files now loaded: 0)
Unloading 50 unused Assets / (1.7 MB). Loaded Objects now: 6260.
Memory consumption went from 357.8 MB to 356.2 MB.
Total: 7.128953 ms (FindLiveObjects: 0.538504 ms CreateObjectMapping: 0.631377 ms MarkObjects: 4.975135 ms  DeleteObjects: 0.982830 ms)

AssetImportParameters requested are different than current active one (requested -> active):
  custom:video-decoder-ogg-theora: a1e56fd34408186e4bbccfd4996cb3dc -> 
  custom:container-muxer-webm: aa71ff27fc2769a1b78a27578f13a17b -> 
  custom:container-demuxer-webm: 4f35f7cbe854078d1ac9338744f61a02 -> 
  custom:video-encoder-webm-vp8: eb34c28f22e8b96e1ab97ce403110664 -> 
  custom:framework-osx-AVFoundation: e770b220cccbd017edd2c1fefb359320 -> 
  custom:audio-encoder-webm-vorbis: bf7c407c2cedff20999df2af8eb42d56 -> 
  custom:container-demuxer-ogg: 62fdf1f143b41e24485cea50d1cbac27 -> 
  custom:video-decoder-webm-vp8: 9c59270c3fd7afecdb556c50c9e8de78 -> 
  custom:audio-decoder-ogg-vorbis: bf7c407c2cedff20999df2af8eb42d56 -> 
========================================================================
Received Import Request.
  Time since last request: 7260.819200 seconds.
  path: Assets/Assets/Sprites/Idle (3).png
  artifactKey: Guid(40026fd3d098a0f4a90fb256b6ed1b89) Importer(815301076,1909f56bfc062723c751e8b465ee728b)
Start importing Assets/Assets/Sprites/Idle (3).png using Guid(40026fd3d098a0f4a90fb256b6ed1b89) Importer(815301076,1909f56bfc062723c751e8b465ee728b)  -> (artifact id: 'dea491642867ee4f9ebb2b75bcaea8e3') in 0.156045 seconds 
========================================================================
Received Import Request.
  Time since last request: 0.000169 seconds.
  path: Assets/Assets/Sprites/Idle (12).png
  artifactKey: Guid(a00fe55cdd0086c48aeb9afd3e2a6698) Importer(815301076,1909f56bfc062723c751e8b465ee728b)
Start importing Assets/Assets/Sprites/Idle (12).png using Guid(a00fe55cdd0086c48aeb9afd3e2a6698) Importer(815301076,1909f56bfc062723c751e8b465ee728b)  -> (artifact id: 'c7cb3d7ac4b6a825f21fba9e40fb1597') in 0.042715 seconds 
========================================================================
Received Import Request.
  Time since last request: 0.000135 seconds.
  path: Assets/Assets/Sprites/Idle (11).png
  artifactKey: Guid(0b84d3e1decdd0343a1861044ac97bc9) Importer(815301076,1909f56bfc062723c751e8b465ee728b)
Start importing Assets/Assets/Sprites/Idle (11).png using Guid(0b84d3e1decdd0343a1861044ac97bc9) Importer(815301076,1909f56bfc062723c751e8b465ee728b)  -> (artifact id: '37a681c9486047b2ef93ecc7867b8870') in 0.033162 seconds 
========================================================================
Received Import Request.
  Time since last request: 0.000118 seconds.
  path: Assets/Assets/Sprites/Idle (9).png
  artifactKey: Guid(662dd8bc91a69144889ed433ae679472) Importer(815301076,1909f56bfc062723c751e8b465ee728b)
Start importing Assets/Assets/Sprites/Idle (9).png using Guid(662dd8bc91a69144889ed433ae679472) Importer(815301076,1909f56bfc062723c751e8b465ee728b)  -> (artifact id: '0a3534a61e49e3329a1870a07d85a2a8') in 0.051210 seconds 
========================================================================
Received Import Request.
  Time since last request: 0.000072 seconds.
  path: Assets/Assets/Sprites/Idle (14).png
  artifactKey: Guid(2b57c7bb2a7efbe4c9259a3e6b7b20bb) Importer(815301076,1909f56bfc062723c751e8b465ee728b)
Start importing Assets/Assets/Sprites/Idle (14).png using Guid(2b57c7bb2a7efbe4c9259a3e6b7b20bb) Importer(815301076,1909f56bfc062723c751e8b465ee728b)  -> (artifact id: '751d5c0524bc58523c5e2995d12e8088') in 0.042665 seconds 
========================================================================
Received Import Request.
  Time since last request: 0.000091 seconds.
  path: Assets/Assets/Sprites/Idle (6).png
  artifactKey: Guid(48af885a2c6c30441b4adca86782947c) Importer(815301076,1909f56bfc062723c751e8b465ee728b)
Start importing Assets/Assets/Sprites/Idle (6).png using Guid(48af885a2c6c30441b4adca86782947c) Importer(815301076,1909f56bfc062723c751e8b465ee728b)  -> (artifact id: '7765026b23855d31fd5b5c0002bb5b5b') in 0.055068 seconds 
========================================================================
Received Import Request.
  Time since last request: 0.000103 seconds.
  path: Assets/Assets/Sprites/Idle (16).png
  artifactKey: Guid(f6f8d5ffc88b3244cb0b2eed584e93c7) Importer(815301076,1909f56bfc062723c751e8b465ee728b)
Start importing Assets/Assets/Sprites/Idle (16).png using Guid(f6f8d5ffc88b3244cb0b2eed584e93c7) Importer(815301076,1909f56bfc062723c751e8b465ee728b)  -> (artifact id: '3c42c395eca631e43b025b018665b093') in 0.032321 seconds 
========================================================================
Received Import Request.
  Time since last request: 35.631993 seconds.
  path: Assets/Assets/Sprites/Dead (2).png
  artifactKey: Guid(c1c0cad436cc2214cbe92d396a225944) Importer(815301076,1909f56bfc062723c751e8b465ee728b)
Start importing Assets/Assets/Sprites/Dead (2).png using Guid(c1c0cad436cc2214cbe92d396a225944) Importer(815301076,1909f56bfc062723c751e8b465ee728b)  -> (artifact id: 'df07e8ddd3df9c3e91cb22e54d417edd') in 0.065328 seconds 
========================================================================
Received Import Request.
  Time since last request: 0.000120 seconds.
  path: Assets/Assets/Sprites/Dead (26).png
  artifactKey: Guid(097dd8d9f65750941a1fe3af62b5ca46) Importer(815301076,1909f56bfc062723c751e8b465ee728b)
Start importing Assets/Assets/Sprites/Dead (26).png using Guid(097dd8d9f65750941a1fe3af62b5ca46) Importer(815301076,1909f56bfc062723c751e8b465ee728b)  -> (artifact id: 'f023ab27741c839887300822f17d5026') in 0.047949 seconds 
========================================================================
Received Import Request.
  Time since last request: 0.000078 seconds.
  path: Assets/Assets/Sprites/Jump (13).png
  artifactKey: Guid(de0a32f20830c164dae199558a8c49d3) Importer(815301076,1909f56bfc062723c751e8b465ee728b)
Start importing Assets/Assets/Sprites/Jump (13).png using Guid(de0a32f20830c164dae199558a8c49d3) Importer(815301076,1909f56bfc062723c751e8b465ee728b)  -> (artifact id: '816755bcd570c7bb6c62bc3e535abf00') in 0.034447 seconds 
========================================================================
Received Import Request.
  Time since last request: 0.000903 seconds.
  path: Assets/Assets/Sprites/Walk (18).png
  artifactKey: Guid(61f68bf2254f4474ebe6b14b960a9a26) Importer(815301076,1909f56bfc062723c751e8b465ee728b)
Start importing Assets/Assets/Sprites/Walk (18).png using Guid(61f68bf2254f4474ebe6b14b960a9a26) Importer(815301076,1909f56bfc062723c751e8b465ee728b)  -> (artifact id: '9bba1e95abd7ed86e534b26c2308c0d5') in 0.051179 seconds 
========================================================================
Received Import Request.
  Time since last request: 0.000080 seconds.
  path: Assets/Assets/Sprites/Jump (2).png
  artifactKey: Guid(3314e7831908d21488cbafb7eb232af8) Importer(815301076,1909f56bfc062723c751e8b465ee728b)
Start importing Assets/Assets/Sprites/Jump (2).png using Guid(3314e7831908d21488cbafb7eb232af8) Importer(815301076,1909f56bfc062723c751e8b465ee728b)  -> (artifact id: '37f69ba849bd7636a301da7e7d38448a') in 0.034141 seconds 
========================================================================
Received Import Request.
  Time since last request: 0.000438 seconds.
  path: Assets/Assets/Sprites/Dead (12).png
  artifactKey: Guid(c677e4bfad3bf2d45a55c17939065548) Importer(815301076,1909f56bfc062723c751e8b465ee728b)
Start importing Assets/Assets/Sprites/Dead (12).png using Guid(c677e4bfad3bf2d45a55c17939065548) Importer(815301076,1909f56bfc062723c751e8b465ee728b)  -> (artifact id: 'b14c7712d91ad4e8e493129b211ace13') in 0.038719 seconds 
========================================================================
Received Import Request.
  Time since last request: 0.000113 seconds.
  path: Assets/Assets/Sprites/Run (4).png
  artifactKey: Guid(9c307d93b06779c4c851dd96a4008df9) Importer(815301076,1909f56bfc062723c751e8b465ee728b)
Start importing Assets/Assets/Sprites/Run (4).png using Guid(9c307d93b06779c4c851dd96a4008df9) Importer(815301076,1909f56bfc062723c751e8b465ee728b)  -> (artifact id: 'd166a3bd221d45cb80e3c003587d560c') in 0.037020 seconds 
========================================================================
Received Import Request.
  Time since last request: 0.000129 seconds.
  path: Assets/Assets/Sprites/Run (19).png
  artifactKey: Guid(9075da79f9416eb43aa50c5e915ab254) Importer(815301076,1909f56bfc062723c751e8b465ee728b)
Start importing Assets/Assets/Sprites/Run (19).png using Guid(9075da79f9416eb43aa50c5e915ab254) Importer(815301076,1909f56bfc062723c751e8b465ee728b)  -> (artifact id: 'ba946b0b78c433b78db4a529311a2430') in 0.042707 seconds 
========================================================================
Received Import Request.
  Time since last request: 0.000084 seconds.
  path: Assets/Assets/Sprites/Dead (3).png
  artifactKey: Guid(517ac86c82775f34b95545988a31dd6c) Importer(815301076,1909f56bfc062723c751e8b465ee728b)
Start importing Assets/Assets/Sprites/Dead (3).png using Guid(517ac86c82775f34b95545988a31dd6c) Importer(815301076,1909f56bfc062723c751e8b465ee728b)  -> (artifact id: '31b15fffe43a5b2f00d1ae40027038e7') in 0.047228 seconds 
========================================================================
Received Import Request.
  Time since last request: 0.000245 seconds.
  path: Assets/Assets/Sprites/Jump (19).png
  artifactKey: Guid(1f76334d1e53fb848bf0562f2f609968) Importer(815301076,1909f56bfc062723c751e8b465ee728b)
Start importing Assets/Assets/Sprites/Jump (19).png using Guid(1f76334d1e53fb848bf0562f2f609968) Importer(815301076,1909f56bfc062723c751e8b465ee728b)  -> (artifact id: 'f6f2d015aee3c3a1bc43c1096324f4d6') in 0.046092 seconds 
========================================================================
Received Import Request.
  Time since last request: 0.000079 seconds.
  path: Assets/Assets/Sprites/Jump (25).png
  artifactKey: Guid(940e15a127ac6c442bff61f681403374) Importer(815301076,1909f56bfc062723c751e8b465ee728b)
Start importing Assets/Assets/Sprites/Jump (25).png using Guid(940e15a127ac6c442bff61f681403374) Importer(815301076,1909f56bfc062723c751e8b465ee728b)  -> (artifact id: '58621037cdc190dec853158fd52fb1b7') in 0.045860 seconds 
========================================================================
Received Import Request.
  Time since last request: 0.000097 seconds.
  path: Assets/Assets/Sprites/Jump (30).png
  artifactKey: Guid(aa73e527b0b837c4fbb041c368c89065) Importer(815301076,1909f56bfc062723c751e8b465ee728b)
Start importing Assets/Assets/Sprites/Jump (30).png using Guid(aa73e527b0b837c4fbb041c368c89065) Importer(815301076,1909f56bfc062723c751e8b465ee728b)  -> (artifact id: '90e389f6535a8c4568eb281736c95c4d') in 0.035898 seconds 
========================================================================
Received Import Request.
  Time since last request: 0.000082 seconds.
  path: Assets/Assets/Sprites/Run (2).png
  artifactKey: Guid(394497f4bc0f6b741a5b1cab6f24d302) Importer(815301076,1909f56bfc062723c751e8b465ee728b)
Start importing Assets/Assets/Sprites/Run (2).png using Guid(394497f4bc0f6b741a5b1cab6f24d302) Importer(815301076,1909f56bfc062723c751e8b465ee728b)  -> (artifact id: 'cb5e3899d2f2952af89f413b07a56f4e') in 0.034728 seconds 
========================================================================
Received Import Request.
  Time since last request: 0.000078 seconds.
  path: Assets/Assets/Sprites/Jump (18).png
  artifactKey: Guid(dbac931380e45ea4fb648aa10f0dc204) Importer(815301076,1909f56bfc062723c751e8b465ee728b)
Start importing Assets/Assets/Sprites/Jump (18).png using Guid(dbac931380e45ea4fb648aa10f0dc204) Importer(815301076,1909f56bfc062723c751e8b465ee728b)  -> (artifact id: '78046820841463c403df0212d71df073') in 0.032797 seconds 
========================================================================
Received Import Request.
  Time since last request: 0.000101 seconds.
  path: Assets/Assets/Sprites/Jump (26).png
  artifactKey: Guid(d5a649f253efdb347b9cc43fdb655054) Importer(815301076,1909f56bfc062723c751e8b465ee728b)
Start importing Assets/Assets/Sprites/Jump (26).png using Guid(d5a649f253efdb347b9cc43fdb655054) Importer(815301076,1909f56bfc062723c751e8b465ee728b)  -> (artifact id: 'd638fe7e869b396ebd478507f1b38971') in 0.038534 seconds 
========================================================================
Received Import Request.
  Time since last request: 0.000137 seconds.
  path: Assets/Assets/Sprites/Dead (21).png
  artifactKey: Guid(ab5c711ab1f605047af07b31505433a5) Importer(815301076,1909f56bfc062723c751e8b465ee728b)
Start importing Assets/Assets/Sprites/Dead (21).png using Guid(ab5c711ab1f605047af07b31505433a5) Importer(815301076,1909f56bfc062723c751e8b465ee728b)  -> (artifact id: 'f9a8939fe09852cde45bcea68aba897e') in 0.047647 seconds 
========================================================================
Received Import Request.
  Time since last request: 0.000234 seconds.
  path: Assets/Assets/Sprites/Run (10).png
  artifactKey: Guid(8e6370d7b853f144c95b33932a8da67c) Importer(815301076,1909f56bfc062723c751e8b465ee728b)
Start importing Assets/Assets/Sprites/Run (10).png using Guid(8e6370d7b853f144c95b33932a8da67c) Importer(815301076,1909f56bfc062723c751e8b465ee728b)  -> (artifact id: '737a89d191e133e9841a4a262ceb56cf') in 0.033184 seconds 
========================================================================
Received Import Request.
  Time since last request: 0.000085 seconds.
  path: Assets/Assets/Sprites/Jump (24).png
  artifactKey: Guid(0576c3d712398c042aa5c49a5698cb68) Importer(815301076,1909f56bfc062723c751e8b465ee728b)
Start importing Assets/Assets/Sprites/Jump (24).png using Guid(0576c3d712398c042aa5c49a5698cb68) Importer(815301076,1909f56bfc062723c751e8b465ee728b)  -> (artifact id: 'dfd903fcec6b889d9ae978e6215150db') in 0.047079 seconds 
========================================================================
Received Import Request.
  Time since last request: 0.000187 seconds.
  path: Assets/Assets/Sprites/Dead (5).png
  artifactKey: Guid(4f776635c18f41e4b8e8b85d02806f4c) Importer(815301076,1909f56bfc062723c751e8b465ee728b)
Start importing Assets/Assets/Sprites/Dead (5).png using Guid(4f776635c18f41e4b8e8b85d02806f4c) Importer(815301076,1909f56bfc062723c751e8b465ee728b)  -> (artifact id: '297154ddd17c9deb3a6f6748eafb46f8') in 0.056866 seconds 
========================================================================
Received Import Request.
  Time since last request: 0.000081 seconds.
  path: Assets/Assets/Sprites/Dead (16).png
  artifactKey: Guid(9cd358518d29282428af08851189f26b) Importer(815301076,1909f56bfc062723c751e8b465ee728b)
Start importing Assets/Assets/Sprites/Dead (16).png using Guid(9cd358518d29282428af08851189f26b) Importer(815301076,1909f56bfc062723c751e8b465ee728b)  -> (artifact id: '2c9b8a5f2e3c49bfa15ef2f1394515e0') in 0.035630 seconds 
========================================================================
Received Import Request.
  Time since last request: 0.000081 seconds.
  path: Assets/Assets/Sprites/Jump (27).png
  artifactKey: Guid(b87a6eadbcb85b64dbfd55757975fea4) Importer(815301076,1909f56bfc062723c751e8b465ee728b)
Start importing Assets/Assets/Sprites/Jump (27).png using Guid(b87a6eadbcb85b64dbfd55757975fea4) Importer(815301076,1909f56bfc062723c751e8b465ee728b)  -> (artifact id: '1b38004dee4c129cc3156df430aa1cff') in 0.041382 seconds 
========================================================================
Received Import Request.
  Time since last request: 0.000088 seconds.
  path: Assets/Assets/Sprites/Jump (29).png
  artifactKey: Guid(7ac32c347785693449f6994c784b9e95) Importer(815301076,1909f56bfc062723c751e8b465ee728b)
Start importing Assets/Assets/Sprites/Jump (29).png using Guid(7ac32c347785693449f6994c784b9e95) Importer(815301076,1909f56bfc062723c751e8b465ee728b)  -> (artifact id: '43a93902c81daf25c908ba2ee4281884') in 0.040926 seconds 
========================================================================
Received Import Request.
  Time since last request: 0.000080 seconds.
  path: Assets/Assets/Sprites/Walk (17).png
  artifactKey: Guid(d2748e8054688044bab6060e6108634e) Importer(815301076,1909f56bfc062723c751e8b465ee728b)
Start importing Assets/Assets/Sprites/Walk (17).png using Guid(d2748e8054688044bab6060e6108634e) Importer(815301076,1909f56bfc062723c751e8b465ee728b)  -> (artifact id: 'db7d2d7aa691fc6e181dc068cd388df2') in 0.031794 seconds 
========================================================================
Received Import Request.
  Time since last request: 0.000125 seconds.
  path: Assets/Assets/Sprites/Dead (4).png
  artifactKey: Guid(ddb67ffb947db244eb596b4f66229194) Importer(815301076,1909f56bfc062723c751e8b465ee728b)
Start importing Assets/Assets/Sprites/Dead (4).png using Guid(ddb67ffb947db244eb596b4f66229194) Importer(815301076,1909f56bfc062723c751e8b465ee728b)  -> (artifact id: 'd68cd2760770dbc574c99caaec97643a') in 0.043647 seconds 
========================================================================
Received Import Request.
  Time since last request: 0.000336 seconds.
  path: Assets/Assets/Sprites/Jump (17).png
  artifactKey: Guid(39b48771e05241d4aa7744db14b61b03) Importer(815301076,1909f56bfc062723c751e8b465ee728b)
Start importing Assets/Assets/Sprites/Jump (17).png using Guid(39b48771e05241d4aa7744db14b61b03) Importer(815301076,1909f56bfc062723c751e8b465ee728b)  -> (artifact id: 'a098bb0bc0dabba8fa107eb8e97aff19') in 0.054019 seconds 
========================================================================
Received Import Request.
  Time since last request: 0.000089 seconds.
  path: Assets/Assets/Sprites/Jump (1).png
  artifactKey: Guid(7d1a53aea6e5d684f815da44b45f94fc) Importer(815301076,1909f56bfc062723c751e8b465ee728b)
Start importing Assets/Assets/Sprites/Jump (1).png using Guid(7d1a53aea6e5d684f815da44b45f94fc) Importer(815301076,1909f56bfc062723c751e8b465ee728b)  -> (artifact id: '85e77d1d5ba5fe74b25aa9beb53b7f9b') in 0.048702 seconds 
========================================================================
Received Import Request.
  Time since last request: 0.000097 seconds.
  path: Assets/Assets/Sprites/Run (5).png
  artifactKey: Guid(fd7c94253bbbf4d458e32754ac9b184d) Importer(815301076,1909f56bfc062723c751e8b465ee728b)
Start importing Assets/Assets/Sprites/Run (5).png using Guid(fd7c94253bbbf4d458e32754ac9b184d) Importer(815301076,1909f56bfc062723c751e8b465ee728b)  -> (artifact id: 'a77c1b3ccfa8ff9229bcaaebd0aaec6f') in 0.042595 seconds 
========================================================================
Received Import Request.
  Time since last request: 0.000084 seconds.
  path: Assets/Assets/Sprites/Dead (17).png
  artifactKey: Guid(bfa3d2571aac54143a59d34ce8d6fccd) Importer(815301076,1909f56bfc062723c751e8b465ee728b)
Start importing Assets/Assets/Sprites/Dead (17).png using Guid(bfa3d2571aac54143a59d34ce8d6fccd) Importer(815301076,1909f56bfc062723c751e8b465ee728b)  -> (artifact id: 'a2f0276a9524a1d487d1e9074cd9ffd4') in 0.053716 seconds 
========================================================================
Received Import Request.
  Time since last request: 0.000091 seconds.
  path: Assets/Assets/Sprites/Run (13).png
  artifactKey: Guid(c17c8f5221bd22e498fbba09957e859c) Importer(815301076,1909f56bfc062723c751e8b465ee728b)
Start importing Assets/Assets/Sprites/Run (13).png using Guid(c17c8f5221bd22e498fbba09957e859c) Importer(815301076,1909f56bfc062723c751e8b465ee728b)  -> (artifact id: '73864bef9a8242df1ec5826e03df4747') in 0.044509 seconds 
========================================================================
Received Import Request.
  Time since last request: 0.000066 seconds.
  path: Assets/Assets/Sprites/Dead (13).png
  artifactKey: Guid(de1d9a75cd2ca754ba50d931ee75196a) Importer(815301076,1909f56bfc062723c751e8b465ee728b)
Start importing Assets/Assets/Sprites/Dead (13).png using Guid(de1d9a75cd2ca754ba50d931ee75196a) Importer(815301076,1909f56bfc062723c751e8b465ee728b)  -> (artifact id: '31607d949a007d2795833b2e64c496c6') in 0.041022 seconds 
========================================================================
Received Import Request.
  Time since last request: 0.000082 seconds.
  path: Assets/Assets/Sprites/Run (11).png
  artifactKey: Guid(274d1d9cf71d1ce45850097df0ceadd5) Importer(815301076,1909f56bfc062723c751e8b465ee728b)
Start importing Assets/Assets/Sprites/Run (11).png using Guid(274d1d9cf71d1ce45850097df0ceadd5) Importer(815301076,1909f56bfc062723c751e8b465ee728b)  -> (artifact id: 'abd802788f01fe562998c0c3a60df2b2') in 0.033451 seconds 
========================================================================
Received Import Request.
  Time since last request: 0.000394 seconds.
  path: Assets/Assets/Sprites/Dead (8).png
  artifactKey: Guid(35e9751d0bc7e7e4b9e6cad6f2273901) Importer(815301076,1909f56bfc062723c751e8b465ee728b)
Start importing Assets/Assets/Sprites/Dead (8).png using Guid(35e9751d0bc7e7e4b9e6cad6f2273901) Importer(815301076,1909f56bfc062723c751e8b465ee728b)  -> (artifact id: 'a6eccf19677d01832a2df7860f3f4524') in 0.040571 seconds 
========================================================================
Received Import Request.
  Time since last request: 0.000105 seconds.
  path: Assets/Assets/Sprites/Jump (23).png
  artifactKey: Guid(deb79b3c74ec3544d8395024176c4794) Importer(815301076,1909f56bfc062723c751e8b465ee728b)
Start importing Assets/Assets/Sprites/Jump (23).png using Guid(deb79b3c74ec3544d8395024176c4794) Importer(815301076,1909f56bfc062723c751e8b465ee728b)  -> (artifact id: '9522f68154b4e32886469c775e59b20b') in 0.038521 seconds 
========================================================================
Received Import Request.
  Time since last request: 0.000073 seconds.
  path: Assets/Assets/Sprites/Jump (6).png
  artifactKey: Guid(10acec23a7086254e947041b919cec83) Importer(815301076,1909f56bfc062723c751e8b465ee728b)
Start importing Assets/Assets/Sprites/Jump (6).png using Guid(10acec23a7086254e947041b919cec83) Importer(815301076,1909f56bfc062723c751e8b465ee728b)  -> (artifact id: 'c65c1eacb3fc9df623e3bf0c0aabea58') in 0.036623 seconds 
========================================================================
Received Import Request.
  Time since last request: 0.000077 seconds.
  path: Assets/Assets/Sprites/Walk (15).png
  artifactKey: Guid(c802ef4bca4636b4d902b022db753926) Importer(815301076,1909f56bfc062723c751e8b465ee728b)
Start importing Assets/Assets/Sprites/Walk (15).png using Guid(c802ef4bca4636b4d902b022db753926) Importer(815301076,1909f56bfc062723c751e8b465ee728b)  -> (artifact id: 'e688f64b100757e8985296c5f8c24384') in 0.034153 seconds 
========================================================================
Received Import Request.
  Time since last request: 0.000076 seconds.
  path: Assets/Assets/Sprites/Walk (14).png
  artifactKey: Guid(9eb1a3e7f3be95041b3d2d511bcc0295) Importer(815301076,1909f56bfc062723c751e8b465ee728b)
Start importing Assets/Assets/Sprites/Walk (14).png using Guid(9eb1a3e7f3be95041b3d2d511bcc0295) Importer(815301076,1909f56bfc062723c751e8b465ee728b)  -> (artifact id: '8df28e3354e732601c6f08b84936aec5') in 0.032040 seconds 
========================================================================
Received Import Request.
  Time since last request: 0.000080 seconds.
  path: Assets/Assets/Sprites/Jump (8).png
  artifactKey: Guid(055193e1e81939044a2e8db6705a6614) Importer(815301076,1909f56bfc062723c751e8b465ee728b)
Start importing Assets/Assets/Sprites/Jump (8).png using Guid(055193e1e81939044a2e8db6705a6614) Importer(815301076,1909f56bfc062723c751e8b465ee728b)  -> (artifact id: '8b8c6696c4522a513f2a7b6cc4bb74ce') in 0.037689 seconds 
========================================================================
Received Import Request.
  Time since last request: 0.000146 seconds.
  path: Assets/Assets/Sprites/Dead (15).png
  artifactKey: Guid(447a9916903f6d84694666f2650524ef) Importer(815301076,1909f56bfc062723c751e8b465ee728b)
Start importing Assets/Assets/Sprites/Dead (15).png using Guid(447a9916903f6d84694666f2650524ef) Importer(815301076,1909f56bfc062723c751e8b465ee728b)  -> (artifact id: 'd6254ba57a150e02b484acea6828b821') in 0.041814 seconds 
========================================================================
Received Import Request.
  Time since last request: 0.000121 seconds.
  path: Assets/Assets/Sprites/Run (8).png
  artifactKey: Guid(0201d045ee8cca941a10a41952be3b9d) Importer(815301076,1909f56bfc062723c751e8b465ee728b)
Start importing Assets/Assets/Sprites/Run (8).png using Guid(0201d045ee8cca941a10a41952be3b9d) Importer(815301076,1909f56bfc062723c751e8b465ee728b)  -> (artifact id: '207a207f578f43f17c5af464c9aebe59') in 0.038714 seconds 
========================================================================
Received Import Request.
  Time since last request: 0.000429 seconds.
  path: Assets/Assets/Sprites/Jump (28).png
  artifactKey: Guid(56f04eb2cce1c7f48a22ccc99f59300c) Importer(815301076,1909f56bfc062723c751e8b465ee728b)
Start importing Assets/Assets/Sprites/Jump (28).png using Guid(56f04eb2cce1c7f48a22ccc99f59300c) Importer(815301076,1909f56bfc062723c751e8b465ee728b)  -> (artifact id: '556e9bac6f088deca37a8f47e88346f1') in 0.037252 seconds 
========================================================================
Received Import Request.
  Time since last request: 0.000068 seconds.
  path: Assets/Assets/Sprites/Dead (24).png
  artifactKey: Guid(cabf09a643b6e5a45be4fdb58b00fa8e) Importer(815301076,1909f56bfc062723c751e8b465ee728b)
Start importing Assets/Assets/Sprites/Dead (24).png using Guid(cabf09a643b6e5a45be4fdb58b00fa8e) Importer(815301076,1909f56bfc062723c751e8b465ee728b)  -> (artifact id: 'c3537dc77e20978e43e3b751b95b6175') in 0.043732 seconds 
========================================================================
Received Import Request.
  Time since last request: 0.000138 seconds.
  path: Assets/Assets/Sprites/Run (9).png
  artifactKey: Guid(4af90740c6940bd47ad2d7cd6280fb38) Importer(815301076,1909f56bfc062723c751e8b465ee728b)
Start importing Assets/Assets/Sprites/Run (9).png using Guid(4af90740c6940bd47ad2d7cd6280fb38) Importer(815301076,1909f56bfc062723c751e8b465ee728b)  -> (artifact id: 'eecec5c2aebcba5768abed41031c32f3') in 0.036538 seconds 
========================================================================
Received Import Request.
  Time since last request: 0.000294 seconds.
  path: Assets/Assets/Sprites/Jump (4).png
  artifactKey: Guid(2a8074c2044ae7c4884402e7dbf475bf) Importer(815301076,1909f56bfc062723c751e8b465ee728b)
Start importing Assets/Assets/Sprites/Jump (4).png using Guid(2a8074c2044ae7c4884402e7dbf475bf) Importer(815301076,1909f56bfc062723c751e8b465ee728b)  -> (artifact id: '22c7a67849570666a93de9ca75abf7b3') in 0.036707 seconds 
========================================================================
Received Import Request.
  Time since last request: 0.000291 seconds.
  path: Assets/Assets/Sprites/Walk (8).png
  artifactKey: Guid(2ecd9bc617ff62542b6ab87a9ffa096c) Importer(815301076,1909f56bfc062723c751e8b465ee728b)
Start importing Assets/Assets/Sprites/Walk (8).png using Guid(2ecd9bc617ff62542b6ab87a9ffa096c) Importer(815301076,1909f56bfc062723c751e8b465ee728b)  -> (artifact id: 'b6dc4068a1ee2e1104a4022d2cb1b253') in 0.045397 seconds 
========================================================================
Received Import Request.
  Time since last request: 0.000084 seconds.
  path: Assets/Assets/Sprites/Dead (6).png
  artifactKey: Guid(387cfe39b1f1c4e41acc73765eb30371) Importer(815301076,1909f56bfc062723c751e8b465ee728b)
Start importing Assets/Assets/Sprites/Dead (6).png using Guid(387cfe39b1f1c4e41acc73765eb30371) Importer(815301076,1909f56bfc062723c751e8b465ee728b)  -> (artifact id: '644814eb9597c8762ddc635610219f6f') in 0.040977 seconds 
========================================================================
Received Import Request.
  Time since last request: 0.000102 seconds.
  path: Assets/Assets/Sprites/Run (18).png
  artifactKey: Guid(477b08cbb0e91304e8351f6d43bba09b) Importer(815301076,1909f56bfc062723c751e8b465ee728b)
Start importing Assets/Assets/Sprites/Run (18).png using Guid(477b08cbb0e91304e8351f6d43bba09b) Importer(815301076,1909f56bfc062723c751e8b465ee728b)  -> (artifact id: '8f42597782d6501f78c084a7e5c5b4b8') in 0.033463 seconds 
========================================================================
Received Import Request.
  Time since last request: 0.000113 seconds.
  path: Assets/Assets/Sprites/Dead (25).png
  artifactKey: Guid(47a4977ab10699841b69dfb6c97c3c05) Importer(815301076,1909f56bfc062723c751e8b465ee728b)
Start importing Assets/Assets/Sprites/Dead (25).png using Guid(47a4977ab10699841b69dfb6c97c3c05) Importer(815301076,1909f56bfc062723c751e8b465ee728b)  -> (artifact id: '2c4db54813097281c5b231d238fcb337') in 0.044572 seconds 
========================================================================
Received Import Request.
  Time since last request: 0.000075 seconds.
  path: Assets/Assets/Sprites/Dead (28).png
  artifactKey: Guid(b4c1ce6b0fbdd204cbf47e3e90c69e90) Importer(815301076,1909f56bfc062723c751e8b465ee728b)
Start importing Assets/Assets/Sprites/Dead (28).png using Guid(b4c1ce6b0fbdd204cbf47e3e90c69e90) Importer(815301076,1909f56bfc062723c751e8b465ee728b)  -> (artifact id: 'e6c53ed0c0331554db2467291bb30178') in 0.053260 seconds 
========================================================================
Received Import Request.
  Time since last request: 0.000108 seconds.
  path: Assets/Assets/Sprites/Jump (3).png
  artifactKey: Guid(2b080c77023fdd6419315abd273a3adb) Importer(815301076,1909f56bfc062723c751e8b465ee728b)
Start importing Assets/Assets/Sprites/Jump (3).png using Guid(2b080c77023fdd6419315abd273a3adb) Importer(815301076,1909f56bfc062723c751e8b465ee728b)  -> (artifact id: '6ab17dff11447eda982e7d5b32d78e8b') in 0.038644 seconds 
========================================================================
Received Import Request.
  Time since last request: 91.329255 seconds.
  path: Assets/Assets/Scenes/SampleScene_Profiles/Main Camera Profile.asset
  artifactKey: Guid(68488d71bfd618544ac692b1c2f3851b) Importer(815301076,1909f56bfc062723c751e8b465ee728b)
Start importing Assets/Assets/Scenes/SampleScene_Profiles/Main Camera Profile.asset using Guid(68488d71bfd618544ac692b1c2f3851b) Importer(815301076,1909f56bfc062723c751e8b465ee728b)  -> (artifact id: 'a00fb5cc74c9db9bb3a6b0af76182168') in 0.008548 seconds 
